<?xml version="1.0" encoding="UTF-8"?>
<!-- Generated by org.testng.reporters.JUnitReportReporter -->
<testsuite hostname="SOMYAPC" failures="0" tests="3" name="TestNgprac.SampleTest" time="0.008" errors="0" timestamp="2024-09-18T16:05:40 IST" skipped="0">
  <testcase classname="TestNgprac.SampleTest" name="deleteContact" time="0.001"/>
  <system-out/>
  <testcase classname="TestNgprac.SampleTest" name="createContact" time="0.006"/>
  <system-out/>
  <testcase classname="TestNgprac.SampleTest" name="modifyContact" time="0.001"/>
  <system-out/>
</testsuite> <!-- TestNgprac.SampleTest -->
