<?xml version="1.0" encoding="UTF-8"?>
<!-- Generated by org.testng.reporters.JUnitReportReporter -->
<testsuite hostname="SOMYAPC" failures="0" tests="2" name="TestNgprac.DataProviderEx1" time="0.005" errors="0" timestamp="2024-09-19T14:57:27 IST" skipped="0">
  <testcase classname="TestNgprac.DataProviderEx1" name="bookTickets" time="0.004"/>
  <system-out/>
  <testcase classname="TestNgprac.DataProviderEx1" name="bookTickets" time="0.001"/>
  <system-out/>
</testsuite> <!-- TestNgprac.DataProviderEx1 -->
