<?xml version="1.0" encoding="UTF-8"?>
<!-- Generated by org.testng.reporters.JUnitReportReporter -->
<testsuite hostname="SOMYAPC" failures="0" tests="1" name="TestNgprac.HardAssertEx2" time="17.470" errors="0" timestamp="2024-09-24T16:20:14 IST" skipped="0">
  <testcase classname="TestNgprac.HardAssertEx2" name="login" time="17.470"/>
  <system-out/>
</testsuite> <!-- TestNgprac.HardAssertEx2 -->
