<?xml version="1.0" encoding="UTF-8"?>
<!-- Generated by org.testng.reporters.JUnitReportReporter -->
<testsuite hostname="SOMYAPC" failures="0" tests="1" name="organisation.CreateProductTest" time="23.788" errors="0" timestamp="2024-10-03T15:53:22 IST" skipped="0">
  <testcase classname="organisation.CreateProductTest" name="createProductTest" time="23.788"/>
  <system-out/>
</testsuite> <!-- organisation.CreateProductTest -->
