<?xml version="1.0" encoding="UTF-8"?>
<!-- Generated by org.testng.reporters.JUnitReportReporter -->
<testsuite hostname="SOMYAPC" failures="0" tests="1" name="organisation.CreateProductAndDeleteProductTest" time="30.469" errors="0" timestamp="2024-10-03T15:52:47 IST" skipped="0">
  <testcase classname="organisation.CreateProductAndDeleteProductTest" name="createProductAndDeleteProductTest" time="30.469"/>
  <system-out/>
</testsuite> <!-- organisation.CreateProductAndDeleteProductTest -->
