<?xml version="1.0" encoding="UTF-8"?>
<!-- Generated by org.testng.reporters.JUnitReportReporter -->
<testsuite hostname="SOMYAPC" failures="0" tests="1" name="organisation.CreateCampaignsTest" time="21.342" errors="0" timestamp="2024-10-03T15:54:24 IST" skipped="0">
  <testcase classname="organisation.CreateCampaignsTest" name="CreateCampaigns" time="21.342"/>
  <system-out/>
</testsuite> <!-- organisation.CreateCampaignsTest -->
