<?xml version="1.0" encoding="UTF-8"?>
<!-- Generated by org.testng.reporters.JUnitReportReporter -->
<testsuite hostname="SOMYAPC" failures="0" tests="2" name="TestNgprac.HardAssertEx" time="0.010" errors="0" timestamp="2024-09-24T16:04:21 IST" skipped="0">
  <testcase classname="TestNgprac.HardAssertEx" name="m1" time="0.009"/>
  <system-out/>
  <testcase classname="TestNgprac.HardAssertEx" name="m2" time="0.001"/>
  <system-out/>
</testsuite> <!-- TestNgprac.HardAssertEx -->
